Determining if the pthread_create exist failed with the following output:
Change Dir: /chicken_house/mjpg_streamer/_build/CMakeFiles/CMakeTmp

Run Build Command:"/usr/bin/make" "cmTC_af48c/fast"
make[1]: вход в каталог «/chicken_house/mjpg_streamer/_build/CMakeFiles/CMakeTmp»
/usr/bin/make -f CMakeFiles/cmTC_af48c.dir/build.make CMakeFiles/cmTC_af48c.dir/build
make[2]: вход в каталог «/chicken_house/mjpg_streamer/_build/CMakeFiles/CMakeTmp»
Building C object CMakeFiles/cmTC_af48c.dir/CheckSymbolExists.c.o
/usr/bin/cc     -o CMakeFiles/cmTC_af48c.dir/CheckSymbolExists.c.o   -c /chicken_house/mjpg_streamer/_build/CMakeFiles/CMakeTmp/CheckSymbolExists.c
Linking C executable cmTC_af48c
/usr/bin/cmake -E cmake_link_script CMakeFiles/cmTC_af48c.dir/link.txt --verbose=1
/usr/bin/cc       CMakeFiles/cmTC_af48c.dir/CheckSymbolExists.c.o  -o cmTC_af48c -rdynamic 
CMakeFiles/cmTC_af48c.dir/CheckSymbolExists.c.o: In function `main':
CheckSymbolExists.c:(.text+0x38): undefined reference to `pthread_create'
collect2: error: ld returned 1 exit status
CMakeFiles/cmTC_af48c.dir/build.make:97: ошибка выполнения рецепта для цели «cmTC_af48c»
make[2]: *** [cmTC_af48c] Ошибка 1
make[2]: выход из каталога «/chicken_house/mjpg_streamer/_build/CMakeFiles/CMakeTmp»
Makefile:126: ошибка выполнения рецепта для цели «cmTC_af48c/fast»
make[1]: *** [cmTC_af48c/fast] Ошибка 2
make[1]: выход из каталога «/chicken_house/mjpg_streamer/_build/CMakeFiles/CMakeTmp»

File /chicken_house/mjpg_streamer/_build/CMakeFiles/CMakeTmp/CheckSymbolExists.c:
/* */
#include <pthread.h>

int main(int argc, char** argv)
{
  (void)argv;
#ifndef pthread_create
  return ((int*)(&pthread_create))[argc];
#else
  (void)argc;
  return 0;
#endif
}

Determining if the function pthread_create exists in the pthreads failed with the following output:
Change Dir: /chicken_house/mjpg_streamer/_build/CMakeFiles/CMakeTmp

Run Build Command:"/usr/bin/make" "cmTC_c168d/fast"
make[1]: вход в каталог «/chicken_house/mjpg_streamer/_build/CMakeFiles/CMakeTmp»
/usr/bin/make -f CMakeFiles/cmTC_c168d.dir/build.make CMakeFiles/cmTC_c168d.dir/build
make[2]: вход в каталог «/chicken_house/mjpg_streamer/_build/CMakeFiles/CMakeTmp»
Building C object CMakeFiles/cmTC_c168d.dir/CheckFunctionExists.c.o
/usr/bin/cc    -DCHECK_FUNCTION_EXISTS=pthread_create   -o CMakeFiles/cmTC_c168d.dir/CheckFunctionExists.c.o   -c /usr/share/cmake-3.7/Modules/CheckFunctionExists.c
Linking C executable cmTC_c168d
/usr/bin/cmake -E cmake_link_script CMakeFiles/cmTC_c168d.dir/link.txt --verbose=1
/usr/bin/cc   -DCHECK_FUNCTION_EXISTS=pthread_create    CMakeFiles/cmTC_c168d.dir/CheckFunctionExists.c.o  -o cmTC_c168d -rdynamic -lpthreads 
/usr/bin/ld: cannot find -lpthreads
collect2: error: ld returned 1 exit status
CMakeFiles/cmTC_c168d.dir/build.make:97: ошибка выполнения рецепта для цели «cmTC_c168d»
make[2]: *** [cmTC_c168d] Ошибка 1
make[2]: выход из каталога «/chicken_house/mjpg_streamer/_build/CMakeFiles/CMakeTmp»
Makefile:126: ошибка выполнения рецепта для цели «cmTC_c168d/fast»
make[1]: *** [cmTC_c168d/fast] Ошибка 2
make[1]: выход из каталога «/chicken_house/mjpg_streamer/_build/CMakeFiles/CMakeTmp»


